Executing:      rm -rf temp/tmp 2>&1
Returned:       0
# ssu-align :: align SSU rRNA sequences
# SSU-ALIGN 0.1.1 (Feb 2016)
# Copyright (C) 2016 Howard Hughes Medical Institute
# Freely distributed under the BSD open source license.
# - - - - - - - - - - - - - - - - - - - - - - - - - - - - - - - - - - - -
# command: ssu-align -f temp/tempfile.fa temp/tmp
# date:    Tue Mar 16 12:29:11 2021

Printing global hask key as read from ssu.pm:

Global hash key: DF_ALIMASK_PFRACT    value: 0.95
Global hash key: DF_ALIMASK_PTHRESH   value: 0.95
Global hash key: DF_CMALIGN_OPTS      value:  --no-null3 --sub 
Global hash key: DF_CMBUILD_GAPTHRESH value: 0.8
Global hash key: DF_CMSEARCH_ALG_FLAG value:  --viterbi
Global hash key: DF_CMSEARCH_OPTS     value:  --hmm-cW 1.5 --no-null3 --noalign 
Global hash key: DF_CMSEARCH_T        value: -1
Global hash key: DF_CM_FILE           value: /usr/local/share/ssu-align-0.1.1/ssu-align-0p1.cm
Global hash key: DF_MASK_FILE         value: /usr/local/share/ssu-align-0.1.1/ssu-align-0p1.mask
Global hash key: DF_MERGE_INIT_WAIT_SECS value: 3
Global hash key: DF_MINBIT            value: 50
Global hash key: DF_MINLEN            value: 1
Global hash key: DF_MXSIZE            value: 4096
Global hash key: DF_NO_NAME           value: <NONE>
Global hash key: DF_TEMPLATE_FILE     value: /usr/local/share/ssu-align-0.1.1/ssu-align-0p1.ps
Global hash key: VERSION              value: 0.1
Global hash key: VERSION_PSTR         value: 0p1
Global hash key: cmalign              value: ssu-cmalign
Global hash key: cmbuild              value: ssu-cmbuild
Global hash key: cmsearch             value: ssu-cmsearch
Global hash key: esl-alimanip         value: ssu-esl-alimanip
Global hash key: esl-alimask          value: ssu-esl-alimask
Global hash key: esl-alimerge         value: ssu-esl-alimerge
Global hash key: esl-alistat          value: ssu-esl-alistat
Global hash key: esl-reformat         value: ssu-esl-reformat
Global hash key: esl-seqstat          value: ssu-esl-seqstat
Global hash key: esl-sfetch           value: ssu-esl-sfetch
Global hash key: esl-ssdraw           value: ssu-esl-ssdraw
Global hash key: esl-weight           value: ssu-esl-weight
Global hash key: ps2pdf               value: ps2pdf
Global hash key: ssu-align            value: ssu-align
Global hash key: ssu-merge            value: ssu-merge

Executing:      ssu-esl-seqstat -h > /dev/null  2> temp/ssutmp0erraa40498
Returned:       0
Output (STDOUT) sent to /dev/null.
Output (STDERR): ***NONE***

About to remove file (temp/ssutmp0erraa40498) with perl's unlink function ... done.

Executing:      ssu-cmsearch -h > /dev/null  2> temp/ssutmp1erraa40498
Returned:       0
Output (STDOUT) sent to /dev/null.
Output (STDERR): ***NONE***

About to remove file (temp/ssutmp1erraa40498) with perl's unlink function ... done.

Executing:      ssu-esl-sfetch -h > /dev/null  2> temp/ssutmp2erraa40498
Returned:       0
Output (STDOUT) sent to /dev/null.
Output (STDERR): ***NONE***

About to remove file (temp/ssutmp2erraa40498) with perl's unlink function ... done.

Executing:      ssu-esl-reformat -h > /dev/null  2> temp/ssutmp3erraa40498
Returned:       0
Output (STDOUT) sent to /dev/null.
Output (STDERR): ***NONE***

About to remove file (temp/ssutmp3erraa40498) with perl's unlink function ... done.

Executing:      ssu-cmalign -h > /dev/null  2> temp/ssutmp4erraa40498
Returned:       0
Output (STDOUT) sent to /dev/null.
Output (STDERR): ***NONE***

About to remove file (temp/ssutmp4erraa40498) with perl's unlink function ... done.

Executing:      ssu-esl-seqstat --rna -a temp/tempfile.fa > temp/tmp/tmp.seqstat  2> temp/ssutmp5erraa40498
Returned:       0
Output (STDOUT) saved in file temp/tmp/tmp.seqstat.
Output (STDERR): ***NONE***

About to remove file (temp/ssutmp5erraa40498) with perl's unlink function ... done.

About to remove file (temp/tmp/tmp.seqstat) with perl's unlink function ... done.

Executing:      ssu-cmsearch --hmm-cW 1.5 --no-null3 --noalign -T -1 --tab temp/tmp/tmp.tab --viterbi /usr/local/share/ssu-align-0.1.1/ssu-align-0p1.cm temp/tempfile.fa > temp/tmp/tmp.cmsearch  2> temp/ssutmp6erraa40498
Returned:       0
Output (STDOUT) saved in file temp/tmp/tmp.cmsearch.
Output (STDERR): ***NONE***

About to remove file (temp/ssutmp6erraa40498) with perl's unlink function ... done.

About to remove file (temp/tmp/tmp.cmsearch) with perl's unlink function ... done.

Executing:      ssu-esl-sfetch --index temp/tempfile.fa > temp/ssutmp7outaa40498  2> temp/ssutmp7erraa40498
Returned:       0
Output (STDOUT): 
Creating SSI index for temp/tempfile.fa...    done.
Indexed 1 sequences (1 names).
SSI index written to file temp/tempfile.fa.ssi

Output (STDERR): ***NONE***

About to remove file (temp/ssutmp7outaa40498) with perl's unlink function ... done.

About to remove file (temp/ssutmp7erraa40498) with perl's unlink function ... done.

Executing:      ssu-esl-sfetch -Cf temp/tempfile.fa temp/tmp/tmp.bacteria.sfetch | ssu-esl-reformat -o temp/tmp/tmp.bacteria.fa --informat fasta -r fasta - > temp/ssutmp8outaa40498  2> temp/ssutmp8erraa40498
Returned:       0
Output (STDOUT): ***NONE***
Output (STDERR): ***NONE***

About to remove file (temp/ssutmp8outaa40498) with perl's unlink function ... done.

About to remove file (temp/ssutmp8erraa40498) with perl's unlink function ... done.

About to remove file (temp/tmp/tmp.bacteria.sfetch) with perl's unlink function ... done.

Executing:      ssu-cmalign --cm-name bacteria --mxsize 4096 --no-null3 --sub --ifile temp/tmp/tmp.bacteria.ifile -o temp/tmp/tmp.bacteria.stk /usr/local/share/ssu-align-0.1.1/ssu-align-0p1.cm temp/tmp/tmp.bacteria.fa > temp/tmp/tmp.bacteria.cmalign  2> temp/ssutmp9erraa40498
Returned:       0
Output (STDOUT) saved in file temp/tmp/tmp.bacteria.cmalign.
Output (STDERR): ***NONE***

About to remove file (temp/ssutmp9erraa40498) with perl's unlink function ... done.

About to remove file (temp/tmp/tmp.nomatch) with perl's unlink function ... done.

About to remove file (temp/tempfile.fa.ssi) with perl's unlink function ... done.

Tue Mar 16 12:29:12 EDT 2021
Darwin phpmb13.attlocal.net 18.7.0 Darwin Kernel Version 18.7.0: Mon Feb 10 21:08:45 PST 2020; root:xnu-4903.278.28~1/RELEASE_X86_64 x86_64
